#
# A fatal error has been detected by the Java Runtime Environment:
#
#  EXCEPTION_ACCESS_VIOLATION (0xc0000005) at pc=0x000000006999c300, pid=6180, tid=3124
#
# JRE version: Java(TM) SE Runtime Environment (7.0_45-b18) (build 1.7.0_45-b18)
# Java VM: Java HotSpot(TM) 64-Bit Server VM (24.45-b08 mixed mode windows-amd64 compressed oops)
# Problematic frame:
# C  [nvoglv64.DLL+0x98c300]
#
# Failed to write core dump. Minidumps are not enabled by default on client versions of Windows
#
# If you would like to submit a bug report, please visit:
#   http://bugreport.sun.com/bugreport/crash.jsp
# The crash happened outside the Java Virtual Machine in native code.
# See problematic frame for where to report the bug.
#

---------------  T H R E A D  ---------------

Current thread (0x000000000224d800):  JavaThread "main" [_thread_in_native, id=3124, stack(0x00000000025e0000,0x00000000026e0000)]

siginfo: ExceptionCode=0xc0000005, reading address 0x0000000000000000

Registers:
RAX=0x0000000000000006, RBX=0x000000000bdf517c, RCX=0x0000000000000000, RDX=0x000000000a7012c8
RSP=0x00000000026df208, RBP=0x0000000000000002, RSI=0x000000000a7010e0, RDI=0x0000000000000000
R8 =0xfffffffff420ae84, R9 =0x000000000bdf517c, R10=0x0000000069010000, R11=0x00000000026df260
R12=0x0000000000000000, R13=0x0000000000000004, R14=0x0000000000000001, R15=0x000000000224d800
RIP=0x000000006999c300, EFLAGS=0x0000000000010297

Top of Stack: (sp=0x00000000026df208)
0x00000000026df208:   000000006999c19b 00000035e32a7bd2
0x00000000026df218:   000000005f05fe02 00000000026df350
0x00000000026df228:   000000000000000b 0000000000000000
0x00000000026df238:   000000006999b4cc 000000000a700080
0x00000000026df248:   0000000000000006 0000000000000010
0x00000000026df258:   0000000000000000 0000000200000003
0x00000000026df268:   0000000000000000 0000000200000000
0x00000000026df278:   0000000000000000 0000000000000000
0x00000000026df288:   0000000000000000 0000000500000000
0x00000000026df298:   0000000100000000 0000000400000002
0x00000000026df2a8:   0000001000000008 0000004000000020
0x00000000026df2b8:   0000010000000080 0000040000000200
0x00000000026df2c8:   0000100000000800 0000400000002000
0x00000000026df2d8:   0000000000008000 0000000000000000
0x00000000026df2e8:   0000140600000004 0000000000000010
0x00000000026df2f8:   0000000000000000 0000140600000003 

Instructions: (pc=0x000000006999c300)
0x000000006999c2e0:   43 0f b6 04 01 ff c1 4d 8d 49 01 41 88 41 ff 3b
0x000000006999c2f0:   4a 08 7c ec c3 33 c9 39 4a 08 7e 67 4d 2b c1 90
0x000000006999c300:   43 8b 04 01 ff c1 4d 8d 49 04 41 89 41 fc 3b 4a
0x000000006999c310:   08 7c ed c3 3d 0e 14 00 00 72 48 3d 0f 14 00 00 


Register to memory mapping:

RAX=0x0000000000000006 is an unknown value
RBX=0x000000000bdf517c is an unknown value
RCX=0x0000000000000000 is an unknown value
RDX=0x000000000a7012c8 is an unknown value
RSP=0x00000000026df208 is pointing into the stack for thread: 0x000000000224d800
RBP=0x0000000000000002 is an unknown value
RSI=0x000000000a7010e0 is an unknown value
RDI=0x0000000000000000 is an unknown value
R8 =0xfffffffff420ae84 is an unknown value
R9 =0x000000000bdf517c is an unknown value
R10=0x0000000069010000 is an unknown value
R11=0x00000000026df260 is pointing into the stack for thread: 0x000000000224d800
R12=0x0000000000000000 is an unknown value
R13=0x0000000000000004 is an unknown value
R14=0x0000000000000001 is an unknown value
R15=0x000000000224d800 is a thread


Stack: [0x00000000025e0000,0x00000000026e0000],  sp=0x00000000026df208,  free space=1020k
Native frames: (J=compiled Java code, j=interpreted, Vv=VM code, C=native code)
C  [nvoglv64.DLL+0x98c300]

Java frames: (J=compiled Java code, j=interpreted, Vv=VM code)
j  org.lwjgl.opengl.GL11.nglDrawArrays(IIIJ)V+0
j  org.lwjgl.opengl.GL11.glDrawArrays(III)V+20
j  engine.renderer.ScreenQuadHelper.render()V+24
j  engine.renderer.RenderHelper.renderTextureQuad(I)V+16
j  game.levels.ShadowLevel.render()V+55
j  engine.main.Game.render()V+7
j  engine.main.Main.startLoop()V+53
j  engine.main.Main.<init>()V+30
j  engine.main.Main.main([Ljava/lang/String;)V+3
v  ~StubRoutines::call_stub

---------------  P R O C E S S  ---------------

Java Threads: ( => current thread )
  0x000000000a3e3800 JavaThread "Java2D Disposer" daemon [_thread_blocked, id=4936, stack(0x0000000013130000,0x0000000013230000)]
  0x00000000086c5000 JavaThread "Service Thread" daemon [_thread_blocked, id=7044, stack(0x000000000a090000,0x000000000a190000)]
  0x00000000086b3800 JavaThread "C2 CompilerThread1" daemon [_thread_blocked, id=4084, stack(0x0000000009f60000,0x000000000a060000)]
  0x00000000086ae800 JavaThread "C2 CompilerThread0" daemon [_thread_blocked, id=5640, stack(0x0000000009cd0000,0x0000000009dd0000)]
  0x00000000086ad000 JavaThread "Attach Listener" daemon [_thread_blocked, id=4932, stack(0x0000000009b00000,0x0000000009c00000)]
  0x00000000086a6000 JavaThread "Signal Dispatcher" daemon [_thread_blocked, id=6516, stack(0x00000000095c0000,0x00000000096c0000)]
  0x0000000008656800 JavaThread "Finalizer" daemon [_thread_blocked, id=3956, stack(0x00000000099f0000,0x0000000009af0000)]
  0x000000000864d800 JavaThread "Reference Handler" daemon [_thread_blocked, id=6648, stack(0x00000000098e0000,0x00000000099e0000)]
=>0x000000000224d800 JavaThread "main" [_thread_in_native, id=3124, stack(0x00000000025e0000,0x00000000026e0000)]

Other Threads:
  0x0000000008647800 VMThread [stack: 0x0000000009700000,0x0000000009800000] [id=6564]
  0x000000000a1a0800 WatcherThread [stack: 0x000000000a600000,0x000000000a700000] [id=4872]

VM state:not at safepoint (normal execution)

VM Mutex/Monitor currently owned by a thread: None

Heap
 PSYoungGen      total 285696K, used 185660K [0x00000000eaa80000, 0x00000000fd680000, 0x0000000100000000)
  eden space 264192K, 68% used [0x00000000eaa80000,0x00000000f5b1eb90,0x00000000fac80000)
  from space 21504K, 22% used [0x00000000fc180000,0x00000000fc6306b0,0x00000000fd680000)
  to   space 21504K, 0% used [0x00000000fac80000,0x00000000fac80000,0x00000000fc180000)
 ParOldGen       total 349696K, used 24K [0x00000000c0000000, 0x00000000d5580000, 0x00000000eaa80000)
  object space 349696K, 0% used [0x00000000c0000000,0x00000000c0006000,0x00000000d5580000)
 PSPermGen       total 21504K, used 8543K [0x00000000bae00000, 0x00000000bc300000, 0x00000000c0000000)
  object space 21504K, 39% used [0x00000000bae00000,0x00000000bb657eb8,0x00000000bc300000)

Card table byte_map: [0x00000000056e0000,0x0000000005910000] byte_map_base: 0x0000000005109000

Polling page: 0x0000000000120000

Code Cache  [0x00000000026e0000, 0x0000000002950000, 0x00000000056e0000)
 total_blobs=754 nmethods=287 adapters=419 free_code_cache=47987Kb largest_free_block=49060416

Compilation events (10 events):
Event: 3.720 Thread 0x00000000086b3800  301             engine.math.Vector3f::setX (6 bytes)
Event: 3.720 Thread 0x00000000086ae800  302             engine.math.Vector3f::setY (6 bytes)
Event: 3.720 Thread 0x00000000086ae800 nmethod 302 0x0000000002810850 code [0x0000000002810980, 0x00000000028109d8]
Event: 3.720 Thread 0x00000000086b3800 nmethod 301 0x000000000280e950 code [0x000000000280ea80, 0x000000000280ead8]
Event: 3.720 Thread 0x00000000086ae800  303             engine.math.Vector3f::setZ (6 bytes)
Event: 3.721 Thread 0x00000000086ae800 nmethod 303 0x000000000280e710 code [0x000000000280e840, 0x000000000280e898]
Event: 4.100 Thread 0x00000000086b3800  304             engine.util.ObjectLoader::calculateTangents (273 bytes)
Event: 4.116 Thread 0x00000000086b3800 nmethod 304 0x000000000278be90 code [0x000000000278c060, 0x000000000278ca38]
Event: 4.143 Thread 0x00000000086ae800  305 %           engine.util.ObjectLoader::calculateTangents @ 5 (273 bytes)
Event: 4.162 Thread 0x00000000086ae800 nmethod 305% 0x000000000276b1d0 code [0x000000000276b3a0, 0x000000000276bdf8]

GC Heap History (8 events):
Event: 1.295 GC heap before
{Heap before GC invocations=1 (full 0):
 PSYoungGen      total 153600K, used 132096K [0x00000000eaa80000, 0x00000000f5580000, 0x0000000100000000)
  eden space 132096K, 100% used [0x00000000eaa80000,0x00000000f2b80000,0x00000000f2b80000)
  from space 21504K, 0% used [0x00000000f4080000,0x00000000f4080000,0x00000000f5580000)
  to   space 21504K, 0% used [0x00000000f2b80000,0x00000000f2b80000,0x00000000f4080000)
 ParOldGen       total 349696K, used 0K [0x00000000c0000000, 0x00000000d5580000, 0x00000000eaa80000)
  object space 349696K, 0% used [0x00000000c0000000,0x00000000c0000000,0x00000000d5580000)
 PSPermGen       total 21504K, used 8479K [0x00000000bae00000, 0x00000000bc300000, 0x00000000c0000000)
  object space 21504K, 39% used [0x00000000bae00000,0x00000000bb647cd0,0x00000000bc300000)
Event: 1.299 GC heap after
Heap after GC invocations=1 (full 0):
 PSYoungGen      total 153600K, used 2868K [0x00000000eaa80000, 0x00000000f5580000, 0x0000000100000000)
  eden space 132096K, 0% used [0x00000000eaa80000,0x00000000eaa80000,0x00000000f2b80000)
  from space 21504K, 13% used [0x00000000f2b80000,0x00000000f2e4d008,0x00000000f4080000)
  to   space 21504K, 0% used [0x00000000f4080000,0x00000000f4080000,0x00000000f5580000)
 ParOldGen       total 349696K, used 8K [0x00000000c0000000, 0x00000000d5580000, 0x00000000eaa80000)
  object space 349696K, 0% used [0x00000000c0000000,0x00000000c0002000,0x00000000d5580000)
 PSPermGen       total 21504K, used 8479K [0x00000000bae00000, 0x00000000bc300000, 0x00000000c0000000)
  object space 21504K, 39% used [0x00000000bae00000,0x00000000bb647cd0,0x00000000bc300000)
}
Event: 1.432 GC heap before
{Heap before GC invocations=2 (full 0):
 PSYoungGen      total 153600K, used 134964K [0x00000000eaa80000, 0x00000000f5580000, 0x0000000100000000)
  eden space 132096K, 100% used [0x00000000eaa80000,0x00000000f2b80000,0x00000000f2b80000)
  from space 21504K, 13% used [0x00000000f2b80000,0x00000000f2e4d008,0x00000000f4080000)
  to   space 21504K, 0% used [0x00000000f4080000,0x00000000f4080000,0x00000000f5580000)
 ParOldGen       total 349696K, used 8K [0x00000000c0000000, 0x00000000d5580000, 0x00000000eaa80000)
  object space 349696K, 0% used [0x00000000c0000000,0x00000000c0002000,0x00000000d5580000)
 PSPermGen       total 21504K, used 8480K [0x00000000bae00000, 0x00000000bc300000, 0x00000000c0000000)
  object space 21504K, 39% used [0x00000000bae00000,0x00000000bb648220,0x00000000bc300000)
Event: 1.435 GC heap after
Heap after GC invocations=2 (full 0):
 PSYoungGen      total 153600K, used 3079K [0x00000000eaa80000, 0x00000000fd680000, 0x0000000100000000)
  eden space 132096K, 0% used [0x00000000eaa80000,0x00000000eaa80000,0x00000000f2b80000)
  from space 21504K, 14% used [0x00000000f4080000,0x00000000f4381c40,0x00000000f5580000)
  to   space 21504K, 0% used [0x00000000f2b80000,0x00000000f2b80000,0x00000000f4080000)
 ParOldGen       total 349696K, used 8K [0x00000000c0000000, 0x00000000d5580000, 0x00000000eaa80000)
  object space 349696K, 0% used [0x00000000c0000000,0x00000000c0002000,0x00000000d5580000)
 PSPermGen       total 21504K, used 8480K [0x00000000bae00000, 0x00000000bc300000, 0x00000000c0000000)
  object space 21504K, 39% used [0x00000000bae00000,0x00000000bb648220,0x00000000bc300000)
}
Event: 2.828 GC heap before
{Heap before GC invocations=3 (full 0):
 PSYoungGen      total 153600K, used 135175K [0x00000000eaa80000, 0x00000000fd680000, 0x0000000100000000)
  eden space 132096K, 100% used [0x00000000eaa80000,0x00000000f2b80000,0x00000000f2b80000)
  from space 21504K, 14% used [0x00000000f4080000,0x00000000f4381c40,0x00000000f5580000)
  to   space 21504K, 0% used [0x00000000f2b80000,0x00000000f2b80000,0x00000000f4080000)
 ParOldGen       total 349696K, used 8K [0x00000000c0000000, 0x00000000d5580000, 0x00000000eaa80000)
  object space 349696K, 0% used [0x00000000c0000000,0x00000000c0002000,0x00000000d5580000)
 PSPermGen       total 21504K, used 8502K [0x00000000bae00000, 0x00000000bc300000, 0x00000000c0000000)
  object space 21504K, 39% used [0x00000000bae00000,0x00000000bb64dbf8,0x00000000bc300000)
Event: 2.855 GC heap after
Heap after GC invocations=3 (full 0):
 PSYoungGen      total 153600K, used 19712K [0x00000000eaa80000, 0x00000000fd680000, 0x0000000100000000)
  eden space 132096K, 0% used [0x00000000eaa80000,0x00000000eaa80000,0x00000000f2b80000)
  from space 21504K, 91% used [0x00000000f2b80000,0x00000000f3ec0000,0x00000000f4080000)
  to   space 21504K, 0% used [0x00000000fc180000,0x00000000fc180000,0x00000000fd680000)
 ParOldGen       total 349696K, used 16K [0x00000000c0000000, 0x00000000d5580000, 0x00000000eaa80000)
  object space 349696K, 0% used [0x00000000c0000000,0x00000000c0004000,0x00000000d5580000)
 PSPermGen       total 21504K, used 8502K [0x00000000bae00000, 0x00000000bc300000, 0x00000000c0000000)
  object space 21504K, 39% used [0x00000000bae00000,0x00000000bb64dbf8,0x00000000bc300000)
}
Event: 3.442 GC heap before
{Heap before GC invocations=4 (full 0):
 PSYoungGen      total 153600K, used 147719K [0x00000000eaa80000, 0x00000000fd680000, 0x0000000100000000)
  eden space 132096K, 96% used [0x00000000eaa80000,0x00000000f2781f38,0x00000000f2b80000)
  from space 21504K, 91% used [0x00000000f2b80000,0x00000000f3ec0000,0x00000000f4080000)
  to   space 21504K, 0% used [0x00000000fc180000,0x00000000fc180000,0x00000000fd680000)
 ParOldGen       total 349696K, used 16K [0x00000000c0000000, 0x00000000d5580000, 0x00000000eaa80000)
  object space 349696K, 0% used [0x00000000c0000000,0x00000000c0004000,0x00000000d5580000)
 PSPermGen       total 21504K, used 8532K [0x00000000bae00000, 0x00000000bc300000, 0x00000000c0000000)
  object space 21504K, 39% used [0x00000000bae00000,0x00000000bb655360,0x00000000bc300000)
Event: 3.447 GC heap after
Heap after GC invocations=4 (full 0):
 PSYoungGen      total 285696K, used 4801K [0x00000000eaa80000, 0x00000000fd680000, 0x0000000100000000)
  eden space 264192K, 0% used [0x00000000eaa80000,0x00000000eaa80000,0x00000000fac80000)
  from space 21504K, 22% used [0x00000000fc180000,0x00000000fc6306b0,0x00000000fd680000)
  to   space 21504K, 0% used [0x00000000fac80000,0x00000000fac80000,0x00000000fc180000)
 ParOldGen       total 349696K, used 24K [0x00000000c0000000, 0x00000000d5580000, 0x00000000eaa80000)
  object space 349696K, 0% used [0x00000000c0000000,0x00000000c0006000,0x00000000d5580000)
 PSPermGen       total 21504K, used 8532K [0x00000000bae00000, 0x00000000bc300000, 0x00000000c0000000)
  object space 21504K, 39% used [0x00000000bae00000,0x00000000bb655360,0x00000000bc300000)
}

Deoptimization events (10 events):
Event: 0.730 Thread 0x000000000224d800 Uncommon trap: reason=bimorphic action=maybe_recompile pc=0x0000000002789c18 method=java.util.regex.Pattern$BmpCharProperty.match(Ljava/util/regex/Matcher;ILjava/lang/CharSequence;)Z @ 16
Event: 0.732 Thread 0x000000000224d800 Uncommon trap: reason=class_check action=maybe_recompile pc=0x0000000002788554 method=java.util.regex.Pattern$Curly.study(Ljava/util/regex/Pattern$TreeInfo;)Z @ 31
Event: 0.732 Thread 0x000000000224d800 Uncommon trap: reason=bimorphic action=maybe_recompile pc=0x0000000002759dfc method=java.util.regex.Pattern$BranchConn.match(Ljava/util/regex/Matcher;ILjava/lang/CharSequence;)Z @ 7
Event: 0.776 Thread 0x000000000224d800 Uncommon trap: reason=bimorphic action=maybe_recompile pc=0x0000000002759dfc method=java.util.regex.Pattern$BranchConn.match(Ljava/util/regex/Matcher;ILjava/lang/CharSequence;)Z @ 7
Event: 0.803 Thread 0x000000000224d800 Uncommon trap: reason=unreached action=reinterpret pc=0x0000000002790fa4 method=java.lang.Integer.parseInt(Ljava/lang/String;I)I @ 1
Event: 1.012 Thread 0x000000000224d800 Uncommon trap: reason=unreached action=reinterpret pc=0x00000000027cbb2c method=java.awt.image.ComponentColorModel.getDataElements(ILjava/lang/Object;)Ljava/lang/Object; @ 2993
Event: 1.013 Thread 0x000000000224d800 Uncommon trap: reason=unreached action=reinterpret pc=0x00000000027b41a4 method=sun.awt.image.ByteInterleavedRaster.getDataElements(IILjava/lang/Object;)Ljava/lang/Object; @ 43
Event: 1.179 Thread 0x000000000224d800 Uncommon trap: reason=bimorphic action=maybe_recompile pc=0x0000000002759dfc method=java.util.regex.Pattern$BranchConn.match(Ljava/util/regex/Matcher;ILjava/lang/CharSequence;)Z @ 7
Event: 3.441 Thread 0x000000000224d800 Uncommon trap: reason=class_check action=maybe_recompile pc=0x000000000279b7b4 method=java.util.regex.Pattern$Slice.match(Ljava/util/regex/Matcher;ILjava/lang/CharSequence;)Z @ 75
Event: 3.629 Thread 0x000000000224d800 Uncommon trap: reason=class_check action=maybe_recompile pc=0x000000000279b7b4 method=java.util.regex.Pattern$Slice.match(Ljava/util/regex/Matcher;ILjava/lang/CharSequence;)Z @ 75

Internal exceptions (10 events):
Event: 3.266 Thread 0x000000000224d800 Threw 0x00000000f1cf3070 at C:\re\jdk7u45\229\hotspot\src\share\vm\prims\jvm.cpp:1244
Event: 3.266 Thread 0x000000000224d800 Threw 0x00000000f1cf4028 at C:\re\jdk7u45\229\hotspot\src\share\vm\prims\jvm.cpp:1244
Event: 3.441 Thread 0x000000000224d800 Threw 0x00000000f2520568 at C:\re\jdk7u45\229\hotspot\src\share\vm\classfile\systemDictionary.cpp:185
Event: 3.441 Thread 0x000000000224d800 Threw 0x00000000f2520aa8 at C:\re\jdk7u45\229\hotspot\src\share\vm\prims\jvm.cpp:1244
Event: 3.441 Thread 0x000000000224d800 Threw 0x00000000f2521a60 at C:\re\jdk7u45\229\hotspot\src\share\vm\prims\jvm.cpp:1244
Event: 3.441 Thread 0x000000000224d800 Threw 0x00000000f2525470 at C:\re\jdk7u45\229\hotspot\src\share\vm\prims\jvm.cpp:1244
Event: 3.629 Thread 0x000000000224d800 Threw 0x00000000eb083a48 at C:\re\jdk7u45\229\hotspot\src\share\vm\classfile\systemDictionary.cpp:185
Event: 3.629 Thread 0x000000000224d800 Threw 0x00000000eb083f88 at C:\re\jdk7u45\229\hotspot\src\share\vm\prims\jvm.cpp:1244
Event: 3.629 Thread 0x000000000224d800 Threw 0x00000000eb084f40 at C:\re\jdk7u45\229\hotspot\src\share\vm\prims\jvm.cpp:1244
Event: 4.183 Thread 0x000000000224d800 Threw 0x00000000f58b82c0 at C:\re\jdk7u45\229\hotspot\src\share\vm\prims\jvm.cpp:1244

Events (10 events):
Event: 3.629 Thread 0x000000000224d800 DEOPT PACKING pc=0x000000000279b7b4 sp=0x00000000026df430
Event: 3.629 Thread 0x000000000224d800 DEOPT UNPACKING pc=0x00000000027175a4 sp=0x00000000026df3b8 mode 2
Event: 3.629 loading class 0x000000000a43b110
Event: 3.629 loading class 0x000000000a43b110 done
Event: 3.629 loading class 0x000000000a43b110
Event: 3.629 loading class 0x000000000a43b110 done
Event: 4.142 Executing VM operation: EnableBiasedLocking
Event: 4.142 Executing VM operation: EnableBiasedLocking done
Event: 4.183 loading class 0x00000000086c38e0
Event: 4.183 loading class 0x00000000086c38e0 done


Dynamic libraries:
0x000000013f620000 - 0x000000013f653000 	C:\Program Files\Java\jdk1.7.0_45\bin\javaw.exe
0x0000000077c10000 - 0x0000000077db9000 	C:\Windows\SYSTEM32\ntdll.dll
0x00000000779f0000 - 0x0000000077b0f000 	C:\Windows\system32\kernel32.dll
0x000007fefdcc0000 - 0x000007fefdd2b000 	C:\Windows\system32\KERNELBASE.dll
0x000007feff050000 - 0x000007feff12b000 	C:\Windows\system32\ADVAPI32.dll
0x000007feff290000 - 0x000007feff32f000 	C:\Windows\system32\msvcrt.dll
0x000007feffb20000 - 0x000007feffb3f000 	C:\Windows\SYSTEM32\sechost.dll
0x000007feffdf0000 - 0x000007fefff1d000 	C:\Windows\system32\RPCRT4.dll
0x0000000077b10000 - 0x0000000077c0a000 	C:\Windows\system32\USER32.dll
0x000007fefede0000 - 0x000007fefee47000 	C:\Windows\system32\GDI32.dll
0x000007feffb10000 - 0x000007feffb1e000 	C:\Windows\system32\LPK.dll
0x000007fefed10000 - 0x000007fefedd9000 	C:\Windows\system32\USP10.dll
0x000007fefc470000 - 0x000007fefc664000 	C:\Windows\WinSxS\amd64_microsoft.windows.common-controls_6595b64144ccf1df_6.0.7601.17514_none_fa396087175ac9ac\COMCTL32.dll
0x000007feff7f0000 - 0x000007feff861000 	C:\Windows\system32\SHLWAPI.dll
0x000007feff510000 - 0x000007feff53e000 	C:\Windows\system32\IMM32.DLL
0x000007feff130000 - 0x000007feff239000 	C:\Windows\system32\MSCTF.dll
0x000000005eca0000 - 0x000000005ed72000 	C:\Program Files\Java\jdk1.7.0_45\jre\bin\msvcr100.dll
0x000000005ed80000 - 0x000000005f549000 	C:\Program Files\Java\jdk1.7.0_45\jre\bin\server\jvm.dll
0x000007fef1c70000 - 0x000007fef1c79000 	C:\Windows\system32\WSOCK32.dll
0x000007feff240000 - 0x000007feff28d000 	C:\Windows\system32\WS2_32.dll
0x000007fefed00000 - 0x000007fefed08000 	C:\Windows\system32\NSI.dll
0x000007fefba10000 - 0x000007fefba4b000 	C:\Windows\system32\WINMM.dll
0x0000000077de0000 - 0x0000000077de7000 	C:\Windows\system32\PSAPI.DLL
0x0000000071e70000 - 0x0000000071e7f000 	C:\Program Files\Java\jdk1.7.0_45\jre\bin\verify.dll
0x0000000070db0000 - 0x0000000070dd8000 	C:\Program Files\Java\jdk1.7.0_45\jre\bin\java.dll
0x00000000718b0000 - 0x00000000718c5000 	C:\Program Files\Java\jdk1.7.0_45\jre\bin\zip.dll
0x0000000180000000 - 0x0000000180050000 	C:\Users\Andrew\git\3d-Demo\Clean Project\lib\natives\lwjgl64.dll
0x000007feed560000 - 0x000007feed67d000 	C:\Windows\system32\OPENGL32.dll
0x000007fef1e20000 - 0x000007fef1e4d000 	C:\Windows\system32\GLU32.dll
0x000007feed0c0000 - 0x000007feed1b1000 	C:\Windows\system32\DDRAW.dll
0x000007fef76b0000 - 0x000007fef76b8000 	C:\Windows\system32\DCIMAN32.dll
0x000007feff330000 - 0x000007feff507000 	C:\Windows\system32\SETUPAPI.dll
0x000007fefdaf0000 - 0x000007fefdb26000 	C:\Windows\system32\CFGMGR32.dll
0x000007fefde90000 - 0x000007fefdf67000 	C:\Windows\system32\OLEAUT32.dll
0x000007feffb40000 - 0x000007feffd43000 	C:\Windows\system32\ole32.dll
0x000007fefdb30000 - 0x000007fefdb4a000 	C:\Windows\system32\DEVOBJ.dll
0x000007fefbf10000 - 0x000007fefbf28000 	C:\Windows\system32\dwmapi.dll
0x000007fefcb00000 - 0x000007fefcb0c000 	C:\Windows\system32\VERSION.dll
0x000007fefc270000 - 0x000007fefc2c6000 	C:\Windows\system32\uxtheme.dll
0x0000000069010000 - 0x000000006ad3b000 	C:\Windows\system32\nvoglv64.DLL
0x000007fefdf70000 - 0x000007fefecf8000 	C:\Windows\system32\SHELL32.dll
0x000007fefda80000 - 0x000007fefdaba000 	C:\Windows\system32\WINTRUST.dll
0x000007fefdb50000 - 0x000007fefdcbc000 	C:\Windows\system32\CRYPT32.dll
0x000007fefda60000 - 0x000007fefda6f000 	C:\Windows\system32\MSASN1.dll
0x000007fefc1e0000 - 0x000007fefc20d000 	C:\Windows\system32\ntmarta.dll
0x000007feff870000 - 0x000007feff8c2000 	C:\Windows\system32\WLDAP32.dll
0x000007fefd8f0000 - 0x000007fefd8ff000 	C:\Windows\system32\CRYPTBASE.dll
0x000007fefa270000 - 0x000007fefa30c000 	C:\Windows\system32\mscms.dll
0x000007fefcd00000 - 0x000007fefcd1e000 	C:\Windows\system32\USERENV.dll
0x000007fefd9c0000 - 0x000007fefd9cf000 	C:\Windows\system32\profapi.dll
0x000007fef0720000 - 0x000007fef0762000 	C:\Windows\system32\icm32.dll
0x00000000655a0000 - 0x00000000655b9000 	C:\Program Files\Java\jdk1.7.0_45\jre\bin\net.dll
0x000007fefd1d0000 - 0x000007fefd225000 	C:\Windows\system32\mswsock.dll
0x000007fefd1c0000 - 0x000007fefd1c7000 	C:\Windows\System32\wship6.dll
0x0000000064f70000 - 0x0000000064f81000 	C:\Program Files\Java\jdk1.7.0_45\jre\bin\nio.dll
0x000000005eb00000 - 0x000000005ec95000 	C:\Program Files\Java\jdk1.7.0_45\jre\bin\awt.dll
0x000007fefd440000 - 0x000007fefd457000 	C:\Windows\system32\CRYPTSP.dll
0x000007fefcf30000 - 0x000007fefcf77000 	C:\Windows\system32\rsaenh.dll
0x000007fefbeb0000 - 0x000007fefbec5000 	C:\Windows\system32\NLAapi.dll
0x000007fef84c0000 - 0x000007fef84d5000 	C:\Windows\system32\napinsp.dll
0x000007fef84a0000 - 0x000007fef84b9000 	C:\Windows\system32\pnrpnsp.dll
0x000007fefd050000 - 0x000007fefd0ab000 	C:\Windows\system32\DNSAPI.dll
0x000007fef8490000 - 0x000007fef849b000 	C:\Windows\System32\winrnr.dll
0x000007fefcbd0000 - 0x000007fefcbd7000 	C:\Windows\System32\wshtcpip.dll
0x000007fefb560000 - 0x000007fefb587000 	C:\Windows\system32\IPHLPAPI.DLL
0x000007fefb550000 - 0x000007fefb55b000 	C:\Windows\system32\WINNSI.DLL
0x000007fef7600000 - 0x000007fef7608000 	C:\Windows\system32\rasadhlp.dll
0x000007fefb190000 - 0x000007fefb1e3000 	C:\Windows\System32\fwpuclnt.dll
0x0000000064620000 - 0x0000000064650000 	C:\Program Files\Java\jdk1.7.0_45\jre\bin\jpeg.dll
0x000007fef6080000 - 0x000007fef61a5000 	C:\Windows\system32\dbghelp.dll

VM Arguments:
jvm_args: -Xms512M -Xmx1024M -Djava.library.path=C:\Users\Andrew\git\3d-Demo\Clean Project\lib\natives -Dfile.encoding=Cp1252 
java_command: engine.main.Main -XX:MaxPermSize=512m -Xms512m -Xmx2048m
Launcher Type: SUN_STANDARD

Environment Variables:
PATH=C:/Program Files/Java/jdk1.7.0_45/bin/../jre/bin/server;C:/Program Files/Java/jdk1.7.0_45/bin/../jre/bin;C:/Program Files/Java/jdk1.7.0_45/bin/../jre/lib/amd64;C:\Program Files\Java\jdk1.7.0_45\bin;C:\Users\Andrew\Desktop\eclipse;
USERNAME=Andrew
OS=Windows_NT
PROCESSOR_IDENTIFIER=Intel64 Family 6 Model 42 Stepping 7, GenuineIntel



---------------  S Y S T E M  ---------------

OS: Windows 7 , 64 bit Build 7601 Service Pack 1

CPU:total 4 (4 cores per cpu, 1 threads per core) family 6 model 42 stepping 7, cmov, cx8, fxsr, mmx, sse, sse2, sse3, ssse3, sse4.1, sse4.2, popcnt, avx, aes, tsc, tscinvbit

Memory: 4k page, physical 8369320k(3998948k free), swap 16736776k(10336552k free)

vm_info: Java HotSpot(TM) 64-Bit Server VM (24.45-b08) for windows-amd64 JRE (1.7.0_45-b18), built on Oct  8 2013 05:47:22 by "java_re" with unknown MS VC++:1600

time: Tue Jan 07 14:01:57 2014
elapsed time: 4 seconds

