#
# A fatal error has been detected by the Java Runtime Environment:
#
#  EXCEPTION_ACCESS_VIOLATION (0xc0000005) at pc=0x5d1e0ed4, pid=5696, tid=4344
#
# JRE version: Java(TM) SE Runtime Environment (7.0_45-b18) (build 1.7.0_45-b18)
# Java VM: Java HotSpot(TM) Client VM (24.45-b08 mixed mode windows-x86 )
# Problematic frame:
# V  [jvm.dll+0xa0ed4]
#
# Failed to write core dump. Minidumps are not enabled by default on client versions of Windows
#
# If you would like to submit a bug report, please visit:
#   http://bugreport.sun.com/bugreport/crash.jsp
#

---------------  T H R E A D  ---------------

Current thread (0x00a5c000):  JavaThread "main" [_thread_in_vm, id=4344, stack(0x00ee0000,0x00f30000)]

siginfo: ExceptionCode=0xc0000005, reading address 0x3f800000

Registers:
EAX=0x00000000, EBX=0x00000000, ECX=0xc08fd40c, EDX=0x02953e00
ESP=0x00f2e5bc, EBP=0x00f2e5c8, ESI=0x3f800000, EDI=0x4d457590
EIP=0x5d1e0ed4, EFLAGS=0x00010206

Top of Stack: (sp=0x00f2e5bc)
0x00f2e5bc:   00000000 00f2e61c 00a57140 00f2e5f8
0x00f2e5cc:   5d18fc22 00f2e61c 00000000 00a5c000
0x00f2e5dc:   00a5ca4c 00f2e61c 00000002 44826ba0
0x00f2e5ec:   44825558 00000000 00000000 00f2e624
0x00f2e5fc:   5d1d060d 00f2e61c 00000000 00a5ca4c
0x00f2e60c:   00f2e624 5d1e61fa 00a5c000 44d3a5b0
0x00f2e61c:   5d3e2724 00a5ca4c 00f2e6ac 5d181239
0x00f2e62c:   00a5ca4c 00501b30 00a5c000 00a57480 

Instructions: (pc=0x5d1e0ed4)
0x5d1e0eb4:   ff ff 83 c4 08 5d c2 04 00 cc cc cc 55 8b ec 53
0x5d1e0ec4:   57 8b b9 f4 00 00 00 33 db 85 ff 74 38 56 8b 37
0x5d1e0ed4:   8b 06 8b 50 3c 8b ce ff d2 84 c0 74 20 80 be 9f
0x5d1e0ee4:   00 00 00 00 75 17 8b 45 08 50 8b ce e8 fb 46 fb 


Register to memory mapping:

EAX=
[error occurred during error reporting (printing register info), id 0xc0000005]

Stack: [0x00ee0000,0x00f30000],  sp=0x00f2e5bc,  free space=313k
Native frames: (J=compiled Java code, j=interpreted, Vv=VM code, C=native code)
V  [jvm.dll+0xa0ed4]
V  [jvm.dll+0x4fc22]
V  [jvm.dll+0x9060d]
V  [jvm.dll+0x41239]
V  [jvm.dll+0x41500]
V  [jvm.dll+0x4250a]
V  [jvm.dll+0x4365a]
V  [jvm.dll+0x43dcd]
V  [jvm.dll+0x43e1a]
V  [jvm.dll+0x95d5d]
V  [jvm.dll+0x6ab4f]
V  [jvm.dll+0x28e1d1]
V  [jvm.dll+0x28e68f]
v  ~RuntimeStub::load_klass_patching Runtime1 stub
J  java.nio.Buffer.checkIndex(I)I
j  engine.lighting.ShadowMapFBO.readBind(I)V+68
j  .render()V+116
j  engine.main.Game.render()V+8
j  engine.main.Main.startLoop()V+53
j  engine.main.Main.<init>()V+30
j  engine.main.Main.main([Ljava/lang/String;)V+3
v  ~StubRoutines::call_stub
V  [jvm.dll+0x13f1fa]
V  [jvm.dll+0x202aee]
V  [jvm.dll+0x13f27d]
V  [jvm.dll+0xc9945]
V  [jvm.dll+0xd45e7]
C  [javaw.exe+0x2070]
C  [javaw.exe+0xa5b1]
C  [javaw.exe+0xa63b]
C  [kernel32.dll+0x1336a]
C  [ntdll.dll+0x39f72]
C  [ntdll.dll+0x39f45]

Java frames: (J=compiled Java code, j=interpreted, Vv=VM code)
v  ~RuntimeStub::load_klass_patching Runtime1 stub
J  java.nio.Buffer.checkIndex(I)I
j  java.nio.DirectFloatBufferU.get(I)F+6
j  engine.lighting.ShadowMapFBO.readBind(I)V+68
j  .render()V+116
j  engine.main.Game.render()V+8
j  engine.main.Main.startLoop()V+53
j  engine.main.Main.<init>()V+30
j  engine.main.Main.main([Ljava/lang/String;)V+3
v  ~StubRoutines::call_stub

---------------  P R O C E S S  ---------------

Java Threads: ( => current thread )
  0x4d3f0c00 
[error occurred during error reporting (printing all threads), id 0xc0000005]

VM state:not at safepoint (normal execution)

VM Mutex/Monitor currently owned by a thread:  ([mutex/lock_event])
[0x00a57140] CodeCache_lock - owner thread: 0x00a5c000
[0x00a5aea0] Compile_lock - owner thread: 0x00a5c000

Heap
 def new generation   total 157248K, used 113850K [0x04810000, 0x0f2b0000, 0x19d60000)
  eden space 139776K,  68% used [0x04810000, 0x0a62ea68, 0x0d090000)
  from space 17472K, 100% used [0x0e1a0000, 0x0f2b0000, 0x0f2b0000)
  to   space 17472K,   0% used [0x0d090000, 0x0d090000, 0x0e1a0000)
 tenured generation   total 349568K, used 18820K [0x19d60000, 0x2f2c0000, 0x44810000)
   the space 349568K,   5% used [0x19d60000, 0x1afc1220, 0x1afc1400, 0x2f2c0000)
 compacting perm gen  total 12288K, used 5289K [0x44810000, 0x45410000, 0x48810000)
   the space 12288K,  43% used [0x44810000, 0x44d3a740, 0x44d3a800, 0x45410000)
No shared spaces configured.

Card table byte_map: [0x00f30000,0x01160000] byte_map_base: 0x00f0bf80

Polling page: 0x001c0000

Code Cache  [0x02810000, 0x02988000, 0x04810000)
 total_blobs=719 nmethods=457 adapters=199 free_code_cache=31272Kb largest_free_block=32022848

Compilation events (10 events):
Event: 2.890 Thread 0x4a658c00  453             java.io.InputStreamReader::read (11 bytes)
Event: 2.890 Thread 0x4a658c00 nmethod 453 0x02984808 code [0x02984910, 0x029849bc]
Event: 2.893 Thread 0x4a658c00  454             java.nio.HeapCharBuffer::put (54 bytes)
Event: 2.894 Thread 0x4a658c00 nmethod 454 0x02984a48 code [0x02984b80, 0x02984de0]
Event: 2.897 Thread 0x4a658c00  455             java.util.Scanner::makeSpace (133 bytes)
Event: 2.897 Thread 0x4a658c00 nmethod 455 0x02984f88 code [0x029850e0, 0x02985488]
Event: 2.897 Thread 0x4a658c00  456             java.nio.HeapCharBuffer::compact (52 bytes)
Event: 2.897 Thread 0x4a658c00 nmethod 456 0x02985748 code [0x02985860, 0x029859c4]
Event: 2.897 Thread 0x4a658c00  457             java.util.Scanner::translateSavedIndexes (19 bytes)
Event: 2.897 Thread 0x4a658c00 nmethod 457 0x02985a48 code [0x02985b40, 0x02985bd0]

GC Heap History (6 events):
Event: 1.071 GC heap before
{Heap before GC invocations=0 (full 0):
 def new generation   total 157248K, used 139776K [0x04810000, 0x0f2b0000, 0x19d60000)
  eden space 139776K, 100% used [0x04810000, 0x0d090000, 0x0d090000)
  from space 17472K,   0% used [0x0d090000, 0x0d090000, 0x0e1a0000)
  to   space 17472K,   0% used [0x0e1a0000, 0x0e1a0000, 0x0f2b0000)
 tenured generation   total 349568K, used 0K [0x19d60000, 0x2f2c0000, 0x44810000)
   the space 349568K,   0% used [0x19d60000, 0x19d60000, 0x19d60200, 0x2f2c0000)
 compacting perm gen  total 12288K, used 5264K [0x44810000, 0x45410000, 0x48810000)
   the space 12288K,  42% used [0x44810000, 0x44d34360, 0x44d34400, 0x45410000)
No shared spaces configured.
Event: 1.080 GC heap after
Heap after GC invocations=1 (full 0):
 def new generation   total 157248K, used 2900K [0x04810000, 0x0f2b0000, 0x19d60000)
  eden space 139776K,   0% used [0x04810000, 0x04810000, 0x0d090000)
  from space 17472K,  16% used [0x0e1a0000, 0x0e4750c0, 0x0f2b0000)
  to   space 17472K,   0% used [0x0d090000, 0x0d090000, 0x0e1a0000)
 tenured generation   total 349568K, used 0K [0x19d60000, 0x2f2c0000, 0x44810000)
   the space 349568K,   0% used [0x19d60000, 0x19d60000, 0x19d60200, 0x2f2c0000)
 compacting perm gen  total 12288K, used 5264K [0x44810000, 0x45410000, 0x48810000)
   the space 12288K,  42% used [0x44810000, 0x44d34360, 0x44d34400, 0x45410000)
No shared spaces configured.
}
Event: 2.418 GC heap before
{Heap before GC invocations=1 (full 0):
 def new generation   total 157248K, used 142676K [0x04810000, 0x0f2b0000, 0x19d60000)
  eden space 139776K, 100% used [0x04810000, 0x0d090000, 0x0d090000)
  from space 17472K,  16% used [0x0e1a0000, 0x0e4750c0, 0x0f2b0000)
  to   space 17472K,   0% used [0x0d090000, 0x0d090000, 0x0e1a0000)
 tenured generation   total 349568K, used 0K [0x19d60000, 0x2f2c0000, 0x44810000)
   the space 349568K,   0% used [0x19d60000, 0x19d60000, 0x19d60200, 0x2f2c0000)
 compacting perm gen  total 12288K, used 5264K [0x44810000, 0x45410000, 0x48810000)
   the space 12288K,  42% used [0x44810000, 0x44d34380, 0x44d34400, 0x45410000)
No shared spaces configured.
Event: 2.429 GC heap after
Heap after GC invocations=2 (full 0):
 def new generation   total 157248K, used 3933K [0x04810000, 0x0f2b0000, 0x19d60000)
  eden space 139776K,   0% used [0x04810000, 0x04810000, 0x0d090000)
  from space 17472K,  22% used [0x0d090000, 0x0d467668, 0x0e1a0000)
  to   space 17472K,   0% used [0x0e1a0000, 0x0e1a0000, 0x0f2b0000)
 tenured generation   total 349568K, used 0K [0x19d60000, 0x2f2c0000, 0x44810000)
   the space 349568K,   0% used [0x19d60000, 0x19d60000, 0x19d60200, 0x2f2c0000)
 compacting perm gen  total 12288K, used 5264K [0x44810000, 0x45410000, 0x48810000)
   the space 12288K,  42% used [0x44810000, 0x44d34380, 0x44d34400, 0x45410000)
No shared spaces configured.
}
Event: 2.620 GC heap before
{Heap before GC invocations=2 (full 0):
 def new generation   total 157248K, used 143709K [0x04810000, 0x0f2b0000, 0x19d60000)
  eden space 139776K, 100% used [0x04810000, 0x0d090000, 0x0d090000)
  from space 17472K,  22% used [0x0d090000, 0x0d467668, 0x0e1a0000)
  to   space 17472K,   0% used [0x0e1a0000, 0x0e1a0000, 0x0f2b0000)
 tenured generation   total 349568K, used 0K [0x19d60000, 0x2f2c0000, 0x44810000)
   the space 349568K,   0% used [0x19d60000, 0x19d60000, 0x19d60200, 0x2f2c0000)
 compacting perm gen  total 12288K, used 5270K [0x44810000, 0x45410000, 0x48810000)
   the space 12288K,  42% used [0x44810000, 0x44d358a8, 0x44d35a00, 0x45410000)
No shared spaces configured.
Event: 2.679 GC heap after
Heap after GC invocations=3 (full 0):
 def new generation   total 157248K, used 17472K [0x04810000, 0x0f2b0000, 0x19d60000)
  eden space 139776K,   0% used [0x04810000, 0x04810000, 0x0d090000)
  from space 17472K, 100% used [0x0e1a0000, 0x0f2b0000, 0x0f2b0000)
  to   space 17472K,   0% used [0x0d090000, 0x0d090000, 0x0e1a0000)
 tenured generation   total 349568K, used 18820K [0x19d60000, 0x2f2c0000, 0x44810000)
   the space 349568K,   5% used [0x19d60000, 0x1afc1220, 0x1afc1400, 0x2f2c0000)
 compacting perm gen  total 12288K, used 5270K [0x44810000, 0x45410000, 0x48810000)
   the space 12288K,  42% used [0x44810000, 0x44d358a8, 0x44d35a00, 0x45410000)
No shared spaces configured.
}

Deoptimization events (0 events):
No events

Internal exceptions (10 events):
Event: 0.981 Thread 0x00a5c000 Threw 0x094a2300 at C:\re\jdk7u45\229\hotspot\src\share\vm\prims\jvm.cpp:1244
Event: 0.985 Thread 0x00a5c000 Threw 0x094dfc60 at C:\re\jdk7u45\229\hotspot\src\share\vm\classfile\systemDictionary.cpp:185
Event: 0.985 Thread 0x00a5c000 Threw 0x094e0140 at C:\re\jdk7u45\229\hotspot\src\share\vm\prims\jvm.cpp:1244
Event: 0.985 Thread 0x00a5c000 Threw 0x094e1038 at C:\re\jdk7u45\229\hotspot\src\share\vm\prims\jvm.cpp:1244
Event: 0.988 Thread 0x00a5c000 Threw 0x0950e760 at C:\re\jdk7u45\229\hotspot\src\share\vm\classfile\systemDictionary.cpp:185
Event: 0.988 Thread 0x00a5c000 Threw 0x0950ec40 at C:\re\jdk7u45\229\hotspot\src\share\vm\prims\jvm.cpp:1244
Event: 0.989 Thread 0x00a5c000 Threw 0x0950fb38 at C:\re\jdk7u45\229\hotspot\src\share\vm\prims\jvm.cpp:1244
Event: 2.468 Thread 0x00a5c000 Threw 0x05b553a0 at C:\re\jdk7u45\229\hotspot\src\share\vm\prims\jvm.cpp:1244
Event: 2.899 Thread 0x00a5c000 Threw 0x0a5961b8 at C:\re\jdk7u45\229\hotspot\src\share\vm\prims\jvm.cpp:1244
Event: 2.900 Thread 0x00a5c000 Threw 0x0a59d558 at C:\re\jdk7u45\229\hotspot\src\share\vm\prims\jvm.cpp:1244

Events (10 events):
Event: 2.467 loading class 0x4d484918
Event: 2.467 loading class 0x4d484918 done
Event: 2.620 Executing VM operation: GenCollectForAllocation
Event: 2.680 Executing VM operation: GenCollectForAllocation done
Event: 2.899 loading class 0x4a68fc38
Event: 2.899 loading class 0x4a68fc38 done
Event: 2.900 loading class 0x4d482758
Event: 2.900 loading class 0x4d482758 done
Event: 2.904 loading class 0x0049a950
Event: 2.904 loading class 0x0049a950 done


Dynamic libraries:
0x013e0000 - 0x0140f000 	C:\Program Files (x86)\Java\jre7\bin\javaw.exe
0x77690000 - 0x77810000 	C:\Windows\SysWOW64\ntdll.dll
0x77180000 - 0x77290000 	C:\Windows\syswow64\kernel32.dll
0x769b0000 - 0x769f7000 	C:\Windows\syswow64\KERNELBASE.dll
0x76230000 - 0x762d0000 	C:\Windows\syswow64\ADVAPI32.dll
0x76a10000 - 0x76abc000 	C:\Windows\syswow64\msvcrt.dll
0x76c60000 - 0x76c79000 	C:\Windows\SysWOW64\sechost.dll
0x76450000 - 0x76540000 	C:\Windows\syswow64\RPCRT4.dll
0x750b0000 - 0x75110000 	C:\Windows\syswow64\SspiCli.dll
0x750a0000 - 0x750ac000 	C:\Windows\syswow64\CRYPTBASE.dll
0x76660000 - 0x76760000 	C:\Windows\syswow64\USER32.dll
0x77060000 - 0x770f0000 	C:\Windows\syswow64\GDI32.dll
0x76430000 - 0x7643a000 	C:\Windows\syswow64\LPK.dll
0x75150000 - 0x751ed000 	C:\Windows\syswow64\USP10.dll
0x722c0000 - 0x7245e000 	C:\Windows\WinSxS\x86_microsoft.windows.common-controls_6595b64144ccf1df_6.0.7601.17514_none_41e6975e2bd6f2b2\COMCTL32.dll
0x76540000 - 0x76597000 	C:\Windows\syswow64\SHLWAPI.dll
0x76c00000 - 0x76c60000 	C:\Windows\system32\IMM32.DLL
0x762d0000 - 0x7639c000 	C:\Windows\syswow64\MSCTF.dll
0x64090000 - 0x6414f000 	C:\Program Files (x86)\Java\jre7\bin\msvcr100.dll
0x5d140000 - 0x5d4c0000 	C:\Program Files (x86)\Java\jre7\bin\client\jvm.dll
0x72d40000 - 0x72d47000 	C:\Windows\system32\WSOCK32.dll
0x763f0000 - 0x76425000 	C:\Windows\syswow64\WS2_32.dll
0x751f0000 - 0x751f6000 	C:\Windows\syswow64\NSI.dll
0x72830000 - 0x72862000 	C:\Windows\system32\WINMM.dll
0x76a00000 - 0x76a05000 	C:\Windows\syswow64\PSAPI.DLL
0x71790000 - 0x7179c000 	C:\Program Files (x86)\Java\jre7\bin\verify.dll
0x6d470000 - 0x6d490000 	C:\Program Files (x86)\Java\jre7\bin\java.dll
0x6d490000 - 0x6d4a3000 	C:\Program Files (x86)\Java\jre7\bin\zip.dll
0x009f0000 - 0x00a3c000 	C:\Users\Andrew\git\3d-Demo\Clean Project\lib\natives\lwjgl.dll
0x622d0000 - 0x62398000 	C:\Windows\system32\OPENGL32.dll
0x64c10000 - 0x64c32000 	C:\Windows\system32\GLU32.dll
0x71cf0000 - 0x71dd7000 	C:\Windows\system32\DDRAW.dll
0x71ce0000 - 0x71ce6000 	C:\Windows\system32\DCIMAN32.dll
0x76ec0000 - 0x7705d000 	C:\Windows\syswow64\SETUPAPI.dll
0x76760000 - 0x76787000 	C:\Windows\syswow64\CFGMGR32.dll
0x770f0000 - 0x7717f000 	C:\Windows\syswow64\OLEAUT32.dll
0x75ee0000 - 0x7603c000 	C:\Windows\syswow64\ole32.dll
0x76c80000 - 0x76c92000 	C:\Windows\syswow64\DEVOBJ.dll
0x72b20000 - 0x72b33000 	C:\Windows\system32\dwmapi.dll
0x74fd0000 - 0x74fd9000 	C:\Windows\system32\VERSION.dll
0x72870000 - 0x728f0000 	C:\Windows\system32\uxtheme.dll
0x68540000 - 0x69b4b000 	C:\Windows\system32\nvoglv32.DLL
0x75200000 - 0x75e4a000 	C:\Windows\syswow64\SHELL32.dll
0x75120000 - 0x7514e000 	C:\Windows\syswow64\WINTRUST.dll
0x76d40000 - 0x76e60000 	C:\Windows\syswow64\CRYPT32.dll
0x76ca0000 - 0x76cac000 	C:\Windows\syswow64\MSASN1.dll
0x74f40000 - 0x74f61000 	C:\Windows\system32\ntmarta.dll
0x763a0000 - 0x763e5000 	C:\Windows\syswow64\WLDAP32.dll
0x73390000 - 0x73409000 	C:\Windows\system32\mscms.dll
0x72b50000 - 0x72b67000 	C:\Windows\system32\USERENV.dll
0x72b40000 - 0x72b4b000 	C:\Windows\system32\profapi.dll
0x00ea0000 - 0x00ed8000 	C:\Windows\system32\icm32.dll
0x6c630000 - 0x6c644000 	C:\Program Files (x86)\Java\jre7\bin\net.dll
0x72cc0000 - 0x72cfc000 	C:\Windows\system32\mswsock.dll
0x72c50000 - 0x72c56000 	C:\Windows\System32\wship6.dll
0x6d580000 - 0x6d58f000 	C:\Program Files (x86)\Java\jre7\bin\nio.dll
0x62420000 - 0x62563000 	C:\Program Files (x86)\Java\jre7\bin\awt.dll
0x71a40000 - 0x71a56000 	C:\Windows\system32\CRYPTSP.dll
0x71a00000 - 0x71a3b000 	C:\Windows\system32\rsaenh.dll
0x72d30000 - 0x72d40000 	C:\Windows\system32\NLAapi.dll
0x72d20000 - 0x72d30000 	C:\Windows\system32\napinsp.dll
0x72d00000 - 0x72d12000 	C:\Windows\system32\pnrpnsp.dll
0x72c70000 - 0x72cb4000 	C:\Windows\system32\DNSAPI.dll
0x72c60000 - 0x72c68000 	C:\Windows\System32\winrnr.dll
0x72c40000 - 0x72c45000 	C:\Windows\System32\wshtcpip.dll
0x72c20000 - 0x72c3c000 	C:\Windows\system32\IPHLPAPI.DLL
0x72c10000 - 0x72c17000 	C:\Windows\system32\WINNSI.DLL
0x72620000 - 0x72626000 	C:\Windows\system32\rasadhlp.dll
0x725d0000 - 0x72608000 	C:\Windows\System32\fwpuclnt.dll
0x64060000 - 0x64085000 	C:\Program Files (x86)\Java\jre7\bin\jpeg.dll
0x71de0000 - 0x71ecb000 	C:\Windows\system32\dbghelp.dll

VM Arguments:
jvm_args: -Xms512M -Xmx1024M -Djava.library.path=C:\Users\Andrew\git\3d-Demo\Clean Project\lib\natives -Dfile.encoding=Cp1252 
java_command: engine.main.Main -XX:MaxPermSize=512m -Xms512m -Xmx2048m
Launcher Type: SUN_STANDARD

Environment Variables:
PATH=C:/Program Files (x86)/Java/jre7/bin/client;C:/Program Files (x86)/Java/jre7/bin;C:/Program Files (x86)/Java/jre7/lib/i386;C:\Program Files (x86)\NVIDIA Corporation\PhysX\Common;C:\Windows\system32;C:\Windows;C:\Windows\System32\Wbem;C:\Windows\System32\WindowsPowerShell\v1.0\;C:\Program Files\Common Files\Autodesk Shared\;C:\Program Files (x86)\Autodesk\Backburner\;C:\Program Files (x86)\Windows Kits\8.1\Windows Performance Toolkit\;C:\Program Files\Microsoft SQL Server\110\Tools\Binn\;C:\Program Files (x86)\Microsoft SDKs\TypeScript\;C:\Program Files (x86)\Git\cmd;C:\eclipse;
USERNAME=Andrew
OS=Windows_NT
PROCESSOR_IDENTIFIER=Intel64 Family 6 Model 42 Stepping 7, GenuineIntel



---------------  S Y S T E M  ---------------

OS: Windows 7 , 64 bit Build 7601 Service Pack 1

CPU:total 4 (4 cores per cpu, 1 threads per core) family 6 model 42 stepping 7, cmov, cx8, fxsr, mmx, sse, sse2, sse3, ssse3, sse4.1, sse4.2, popcnt, avx, aes, tsc, tscinvbit

Memory: 4k page, physical 8369320k(2245324k free), swap 16736776k(8373652k free)

vm_info: Java HotSpot(TM) Client VM (24.45-b08) for windows-x86 JRE (1.7.0_45-b18), built on Oct  8 2013 06:02:43 by "java_re" with unknown MS VC++:1600

time: Sun Dec 29 21:58:21 2013
elapsed time: 2 seconds

